[2017-01-02 12:09:45] local.ERROR: ErrorException: include(C:\xampp\htdocs\newApp\vendor\composer/../../database/migrations/2014_10_12_000000_create_users_table.php): failed to open stream: No such file or directory in C:\xampp\htdocs\newApp\vendor\composer\ClassLoader.php:440
Stack trace:
#0 C:\xampp\htdocs\newApp\vendor\composer\ClassLoader.php(440): Illuminate\Foundation\Bootstrap\HandleExceptions->handleError(2, 'include(C:\\xamp...', 'C:\\xampp\\htdocs...', 440, Array)
#1 C:\xampp\htdocs\newApp\vendor\composer\ClassLoader.php(440): include()
#2 C:\xampp\htdocs\newApp\vendor\composer\ClassLoader.php(322): Composer\Autoload\includeFile('C:\\xampp\\htdocs...')
#3 [internal function]: Composer\Autoload\ClassLoader->loadClass('CreateUsersTabl...')
#4 [internal function]: spl_autoload_call('CreateUsersTabl...')
#5 C:\xampp\htdocs\newApp\vendor\laravel\framework\src\Illuminate\Database\Migrations\MigrationCreator.php(75): class_exists('CreateUsersTabl...')
#6 C:\xampp\htdocs\newApp\vendor\laravel\framework\src\Illuminate\Database\Migrations\MigrationCreator.php(49): Illuminate\Database\Migrations\MigrationCreator->ensureMigrationDoesntAlreadyExist('create_users_ta...')
#7 C:\xampp\htdocs\newApp\vendor\laravel\framework\src\Illuminate\Database\Console\Migrations\MigrateMakeCommand.php(98): Illuminate\Database\Migrations\MigrationCreator->create('create_users_ta...', 'C:\\xampp\\htdocs...', 'users', true)
#8 C:\xampp\htdocs\newApp\vendor\laravel\framework\src\Illuminate\Database\Console\Migrations\MigrateMakeCommand.php(81): Illuminate\Database\Console\Migrations\MigrateMakeCommand->writeMigration('create_users_ta...', 'users', true)
#9 [internal function]: Illuminate\Database\Console\Migrations\MigrateMakeCommand->fire()
#10 C:\xampp\htdocs\newApp\vendor\laravel\framework\src\Illuminate\Container\Container.php(508): call_user_func_array(Array, Array)
#11 C:\xampp\htdocs\newApp\vendor\laravel\framework\src\Illuminate\Console\Command.php(169): Illuminate\Container\Container->call(Array)
#12 C:\xampp\htdocs\newApp\vendor\symfony\console\Command\Command.php(254): Illuminate\Console\Command->execute(Object(Symfony\Component\Console\Input\ArrayInput), Object(Illuminate\Console\OutputStyle))
#13 C:\xampp\htdocs\newApp\vendor\laravel\framework\src\Illuminate\Console\Command.php(155): Symfony\Component\Console\Command\Command->run(Object(Symfony\Component\Console\Input\ArrayInput), Object(Illuminate\Console\OutputStyle))
#14 C:\xampp\htdocs\newApp\vendor\laravel\framework\src\Illuminate\Console\Command.php(185): Illuminate\Console\Command->run(Object(Symfony\Component\Console\Input\ArrayInput), Object(Illuminate\Console\OutputStyle))
#15 C:\xampp\htdocs\newApp\vendor\laravel\framework\src\Illuminate\Foundation\Console\ModelMakeCommand.php(48): Illuminate\Console\Command->call('make:migration', Array)
#16 [internal function]: Illuminate\Foundation\Console\ModelMakeCommand->fire()
#17 C:\xampp\htdocs\newApp\vendor\laravel\framework\src\Illuminate\Container\Container.php(508): call_user_func_array(Array, Array)
#18 C:\xampp\htdocs\newApp\vendor\laravel\framework\src\Illuminate\Console\Command.php(169): Illuminate\Container\Container->call(Array)
#19 C:\xampp\htdocs\newApp\vendor\symfony\console\Command\Command.php(254): Illuminate\Console\Command->execute(Object(Symfony\Component\Console\Input\ArgvInput), Object(Symfony\Component\Console\Output\ConsoleOutput))
#20 C:\xampp\htdocs\newApp\vendor\laravel\framework\src\Illuminate\Console\Command.php(155): Symfony\Component\Console\Command\Command->run(Object(Symfony\Component\Console\Input\ArgvInput), Object(Symfony\Component\Console\Output\ConsoleOutput))
#21 C:\xampp\htdocs\newApp\vendor\symfony\console\Application.php(821): Illuminate\Console\Command->run(Object(Symfony\Component\Console\Input\ArgvInput), Object(Symfony\Component\Console\Output\ConsoleOutput))
#22 C:\xampp\htdocs\newApp\vendor\symfony\console\Application.php(187): Symfony\Component\Console\Application->doRunCommand(Object(Illuminate\Foundation\Console\ModelMakeCommand), Object(Symfony\Component\Console\Input\ArgvInput), Object(Symfony\Component\Console\Output\ConsoleOutput))
#23 C:\xampp\htdocs\newApp\vendor\symfony\console\Application.php(118): Symfony\Component\Console\Application->doRun(Object(Symfony\Component\Console\Input\ArgvInput), Object(Symfony\Component\Console\Output\ConsoleOutput))
#24 C:\xampp\htdocs\newApp\vendor\laravel\framework\src\Illuminate\Foundation\Console\Kernel.php(121): Symfony\Component\Console\Application->run(Object(Symfony\Component\Console\Input\ArgvInput), Object(Symfony\Component\Console\Output\ConsoleOutput))
#25 C:\xampp\htdocs\newApp\artisan(35): Illuminate\Foundation\Console\Kernel->handle(Object(Symfony\Component\Console\Input\ArgvInput), Object(Symfony\Component\Console\Output\ConsoleOutput))
#26 {main}  
